<?xml version="1.0" encoding="UTF-8"?>
<testng-results ignored="1" total="2" passed="1" failed="0" skipped="0">
  <reporter-output>
  </reporter-output>
  <suite started-at="2022-05-08T00:19:13 IST" name="Default suite" finished-at="2022-05-08T00:19:19 IST" duration-ms="5885">
    <groups>
    </groups>
    <test started-at="2022-05-08T00:19:13 IST" name="Default test" finished-at="2022-05-08T00:19:19 IST" duration-ms="5885">
      <class name="dataProvider.LoginWithDP">
        <test-method signature="loginWithDP(java.lang.String,java.lang.String,java.lang.String)[pri:0, instance:dataProvider.LoginWithDP@55b53d44]" started-at="2022-05-08T00:19:13 IST" name="loginWithDP" data-provider="loginData" finished-at="2022-05-08T00:19:19 IST" duration-ms="5823" status="PASS">
          <params>
            <param index="0">
              <value>
                <![CDATA[]]>
              </value>
            </param>
            <param index="1">
              <value>
                <![CDATA[]]>
              </value>
            </param>
            <param index="2">
              <value>
                <![CDATA[Please enter password.]]>
              </value>
            </param>
          </params>
          <reporter-output>
          </reporter-output>
        </test-method> <!-- loginWithDP -->
      </class> <!-- dataProvider.LoginWithDP -->
    </test> <!-- Default test -->
  </suite> <!-- Default suite -->
</testng-results>
